<?xml version="1.0" encoding="UTF-8"?>
<!-- Generated by org.testng.reporters.JUnitReportReporter -->
<testsuite hostname="AH4001136LT" failures="0" tests="1" name="tests.RegisterAccountTest" time="45.546" errors="0" timestamp="2023-09-02T20:50:28 IST" skipped="0">
  <testcase classname="tests.RegisterAccountTest" name="registerNewAccount" time="45.546"/>
</testsuite> <!-- tests.RegisterAccountTest -->
