<?xml version="1.0" encoding="UTF-8"?>
<!-- Generated by org.testng.reporters.JUnitReportReporter -->
<testsuite hostname="AH4001136LT" failures="0" tests="2" name="tests.EndtoEnd" time="38.401" errors="0" timestamp="2023-09-02T20:50:28 IST" skipped="0">
  <testcase classname="tests.EndtoEnd" name="Register" time="27.019"/>
  <testcase classname="tests.EndtoEnd" name="Login" time="11.382"/>
</testsuite> <!-- tests.EndtoEnd -->
